===============================================================================
SMV2.LOG -- SMVGEAR II information

Switches in mglob.dat
===============================================================================
 IFSOLVE   =            1
 ITESTGEAR =            0
 IFURBAN   =            1
 IFTROP    =            0
 IFSTRAT   =            0
 KULOOP    =          500
 LYOUT     =            1
 LXOUT     =            1
 LZOUT     =           15
 CHEMINTV  =    3600.00000000000     
 IPRATES   =            0
 IPREADER  =            1
 IOSPEC    =            1
 IOREAC    =            1
 APGASA    =               
 APGASB    =               
 APGASC    =               
 APGASD    =               
 APGASE    =               
 APGASF    =               
 APGASG    =               
 IFREORD   =            0
 FRACDEC   =   0.250000000000000     
 PLOURB    =    900.000000000000     
 PLOTROP   =    225.000000000000     
 ERRMAXU   =   0.100000000000000     
 YLOWU     =    1000000.00000000     
 YHIU      =    10000000.0000000     
 HMAXDAYU  =    900.000000000000     
 ERRMAXR   =   1.000000000000000E-003
 YLOWR     =    100000.000000000     
 YHIR      =    10000000.0000000     
 HMAXDAYR  =    900.000000000000     
 ERRMAXS   =   1.000000000000000E-003
 YLOWS     =    100000.000000000     
 YHIS      =    10000000.0000000     
 HMAXDAYS  =    900.000000000000     
 HMAXNIT   =    2000.00000000000     

Using U.C.I. Fast-JX v7.0 photolysis


===============================================================================
SPECIES FOR THIS RUN.  PHYSICAL CONSTS AND BOUNDARY CONDITIONS ALSO GIVEN.
===============================================================================

NBR NAME            MW BKGAS(VMRAT)
  1 A3O2             1.00 1.00E-20
  2 ACET             1.00 1.00E-20
  3 ALD2             1.00 1.00E-20
  4 ALK4             1.00 1.00E-20
  5 ATO2             1.00 1.00E-20
  6 B3O2             1.00 1.00E-20
  7 C2H6             1.00 1.00E-20
  8 C3H8             1.00 1.00E-20
  9 CH2O             1.00 4.00E-15
 10 CH4              1.00 1.70E-06
 11 CO               1.00 1.00E-07
 12 DRYACET          1.00 0.00E+00
 13 DRYCH2O          1.00 0.00E+00
 14 DRYH2O2          1.00 0.00E+00
 15 DRYHNO3          1.00 0.00E+00
 16 DRYN2O5          1.00 0.00E+00
 17 DRYNO2           1.00 0.00E+00
 18 DRYO3            1.00 0.00E+00
 19 DRYPAN           1.00 0.00E+00
 20 DRYPMN           1.00 0.00E+00
 21 DRYPMNN          1.00 0.00E+00
 22 DRYPPN           1.00 0.00E+00
 23 DRYR4N2          1.00 0.00E+00
 24 DRYMVK           1.00 0.00E+00
 25 DRYMACR          1.00 0.00E+00
 26 DRYHAC           1.00 0.00E+00
 27 DRYALD2          1.00 0.00E+00
 28 ETO2             1.00 1.00E-20
 29 ETP              1.00 1.00E-20
 30 GLYC             1.00 1.00E-20
 31 GLYX             1.00 1.00E-20
 32 H                1.00 4.00E-20
 33 H2O              1.00 1.84E-02
 34 H2O2             1.00 4.00E-15
 35 HAC              1.00 1.00E-20
 36 HNO2             1.00 4.00E-15
 37 HNO3             1.00 4.00E-15
 38 HNO4             1.00 4.00E-15
 39 HO2              1.00 4.00E-15
 40 IAP              1.00 1.00E-20
 41 INO2             1.00 1.00E-20
 42 INPN             1.00 1.00E-20
 43 ISN1             1.00 1.00E-20
 44 ISNOOA           1.00 1.00E-20
 45 ISNOOB           1.00 1.00E-20
 46 ISNOHOO          1.00 1.00E-20
 47 ISNP             1.00 1.00E-20
 48 ISOP             1.00 1.00E-20
 49 KO2              1.00 1.00E-20
 50 MACR             1.00 1.00E-20
 51 MAN2             1.00 1.00E-20
 52 MAO3             1.00 1.00E-20
 53 MAOP             1.00 1.00E-20
 54 MAOPO2           1.00 1.00E-20
 55 MAP              1.00 1.00E-20
 56 MCO3             1.00 1.00E-20
 57 MEK              1.00 1.00E-20
 58 MGLY             1.00 1.00E-20
 59 MO2              1.00 4.00E-15
 60 MP               1.00 4.00E-15
 61 MRO2             1.00 1.00E-20
 62 MRP              1.00 1.00E-20
 63 MVK              1.00 1.00E-20
 64 N                1.00 4.00E-20
 65 N2O              1.00 3.00E-07
 66 N2O5             1.00 4.00E-15
 67 NO               1.00 4.00E-13
 68 NO2              1.00 4.00E-13
 69 NO3              1.00 4.00E-15
 70 O                1.00 4.00E-20
 71 O1D              1.00 1.00E-15
 72 O3               1.00 2.00E-08
 73 OH               1.00 4.00E-15
 74 PAN              1.00 1.00E-20
 75 PMN              1.00 1.00E-20
 76 PO2              1.00 1.00E-20
 77 PP               1.00 1.00E-20
 78 PPN              1.00 1.00E-20
 79 PRN1             1.00 1.00E-20
 80 PRPE             1.00 1.00E-20
 81 PRPN             1.00 1.00E-20
 82 R4N1             1.00 1.00E-20
 83 R4N2             1.00 1.00E-20
 84 R4O2             1.00 1.00E-20
 85 R4P              1.00 1.00E-20
 86 RA3P             1.00 1.00E-20
 87 RB3P             1.00 1.00E-20
 88 RCHO             1.00 1.00E-20
 89 RCO3             1.00 1.00E-20
 90 RIO2             1.00 1.00E-20
 91 RIP              1.00 1.00E-20
 92 ROH              1.00 1.00E-20
 93 RP               1.00 1.00E-20
 94 VRO2             1.00 1.00E-20
 95 VRP              1.00 1.00E-20
 96 DMS              1.00 1.00E-20
 97 SO2              1.00 1.00E-20
 98 SO4              1.00 1.00E-20
 99 MSA              1.00 1.00E-20
100 LISOPOH          1.00 1.00E-20
101 Br2              1.00 1.00E-20
102 Br               1.00 1.00E-20
103 BrO              1.00 1.00E-20
104 HOBr             1.00 1.00E-20
105 HBr              1.00 1.00E-20
106 BrNO2            1.00 1.00E-20
107 BrNO3            1.00 1.00E-20
108 CHBr3            1.00 1.00E-20
109 CH2Br2           1.00 1.00E-20
110 CH3Br            1.00 1.00E-20
111 DRYHOBr          1.00 0.00E+00
112 DRYHBr           1.00 0.00E+00
113 DRYBrNO3         1.00 0.00E+00
114 DRYBr2           1.00 0.00E+00
115 MPN              1.00 1.00E-20
116 ISOPND           1.00 1.00E-20
117 ISOPNB           1.00 1.00E-20
118 HC5              1.00 1.00E-20
119 DIBOO            1.00 1.00E-20
120 HC5OO            1.00 1.00E-20
121 DHMOB            1.00 1.00E-20
122 MOBA             1.00 1.00E-20
123 MOBAOO           1.00 1.00E-20
124 ISOPNBO2         1.00 1.00E-20
125 ISOPNDO2         1.00 1.00E-20
126 PROPNN           1.00 1.00E-20
127 ETHLN            1.00 1.00E-20
128 MACRN            1.00 1.00E-20
129 MVKN             1.00 1.00E-20
130 PYAC             1.00 1.00E-20
131 IEPOX            1.00 1.00E-20
132 IEPOXOO          1.00 1.00E-20
133 ATOOH            1.00 1.00E-20
134 DRYISOPND        1.00 0.00E+00
135 DRYISOPNB        1.00 0.00E+00
136 DRYRIP           1.00 0.00E+00
137 DRYIEPOX         1.00 0.00E+00
138 DRYMACRN         1.00 0.00E+00
139 DRYMVKN          1.00 0.00E+00
140 DRYPROPNN        1.00 0.00E+00
141 DRYHCOOH         1.00 0.00E+00
142 DRYACTA          1.00 0.00E+00
143 PMNN             1.00 1.00E-20
144 MACRNO2          1.00 1.00E-20
145 PMNO2            1.00 1.00E-20
146 OCS              1.00 9.00E-15
147 BrCl             1.00 1.00E-20
148 Cl               1.00 1.00E-20
149 Cl2              1.00 1.00E-20
150 ClO              1.00 1.00E-20
151 ClOO             1.00 1.00E-20
152 OClO             1.00 1.00E-20
153 Cl2O2            1.00 1.00E-20
154 ClNO2            1.00 1.00E-20
155 ClNO3            1.00 1.00E-20
156 HCl              1.00 1.00E-20
157 HOCl             1.00 1.00E-20
158 CH3Cl            1.00 1.00E-20
159 CH3CCl3          1.00 1.00E-20
160 CCl4             1.00 1.00E-20
161 CFC11            1.00 1.00E-20
162 CFC12            1.00 1.00E-20
163 CFC113           1.00 1.00E-20
164 CFC114           1.00 1.00E-20
165 CFC115           1.00 1.00E-20
166 HCFC22           1.00 1.00E-20
167 HCFC123          1.00 1.00E-20
168 HCFC141b         1.00 1.00E-20
169 HCFC142b         1.00 1.00E-20
170 H1301            1.00 1.00E-20
171 H2402            1.00 1.00E-20
172 H1211            1.00 1.00E-20
173 DRYHCl           1.00 0.00E+00
174 SO4g             1.00 1.00E-20

INACTIVE SPECIES FOR THIS RUN ARE:

 RCOOH          O2             NH3            NH2           
 N2             MOH            MNO3           M             
 HCOOH          H2             EOH            EMISSION      
 ACTA          

THE DEAD SPECIES FOR THIS RUN ARE:

 CO2            DRYDEP         MONX          

===============================================================================
KINETIC REACTIONS FOR URBAN CHEMISTRY
RATE CONSTANTS HAVE FORM K = A * (300/T)**B * EXP(C/T).
===============================================================================

NMBR   A       B     C     Fv       REACTION
  1 3.0E-12    0.00  -1500 .00 O3    +NO    +      =1.0NO2   +1.0O2    
  2 1.7E-12    0.00   -940 .00 O3    +OH    +      =1.0HO2   +1.0O2    
  3 1.0E-14    0.00   -490 .00 O3    +HO2   +      =1.0OH    +1.0O2    +1.0O2    
  4 1.2E-13    0.00  -2450 .00 O3    +NO2   +      =1.0O2    +1.0NO3   
  5 2.9E-16    0.00  -1000 .00 O3    +MO2   +      =1.0CH2O  +1.0HO2   +1.0O2    
  6 1.8E-12    0.00      0 .00 OH    +OH    +      =1.0H2O   +1.0O     
  7 6.9E-31    1.00      0 .60 OH    +OH    +M     =1.0H2O2  
  8 2.6E-11    0.00      0 .00       +      +      
  9 4.8E-11    0.00    250 .00 OH    +HO2   +      =1.0H2O   +1.0O2    
 10 1.8E-12    0.00      0 .00 OH    +H2O2  +      =1.0H2O   +1.0HO2   
 11 3.3E-12    0.00    270 .00 HO2   +NO    +      =1.0OH    +1.0NO2   
 12 3.0E-13    0.00    460 .00 HO2   +HO2   +      =1.0H2O2  +1.0O2    
 13 2.1E-33    0.00    920 .00       +      +      
 14 1.5E-13    0.00      0 .00 CO    +OH    +      =1.0HO2   
 15 2.4E-12    0.00  -1775 .00 OH    +CH4   +      =1.0MO2   +1.0H2O   
 16 2.8E-12    0.00    300 .00 MO2   +NO    +      =1.0CH2O  +1.0HO2   +1.0NO2   
 17 4.1E-13    0.00    750 .00 MO2   +HO2   +      =1.0MP    +1.0O2    
 18 9.5E-14    0.00    390 .00 MO2   +MO2   +      =1.0MOH   +1.0CH2O  +1.0O2    
 19 2.6E+01    0.00  -1130 .00       +      +      
 20 9.5E-14    0.00    390 .00 MO2   +MO2   +      =2.0CH2O  +2.0HO2   
 21 4.0E-02    0.00   1130 .00       +      +      
 22 2.7E-12    0.00    200 .00 MP    +OH    +      =1.0MO2   +1.0H2O   
 23 1.1E-12    0.00    200 .00 MP    +OH    +      =1.0CH2O  +1.0OH    +1.0H2O   
 24 2.7E-12    0.00    200 .00 ATOOH +OH    +      =1.0ATO2  +1.0H2O   
 25 1.1E-12    0.00    200 .00 ATOOH +OH    +      =1.0MGLY  +1.0OH    +1.0H2O   
 26 5.5E-12    0.00    125 .00 CH2O  +OH    +      =1.0CO    +1.0HO2   +1.0H2O   
 27 1.8E-30    3.00      0 .60 NO2   +OH    +M     =1.0HNO3  +1.0M     
 28 2.8E-11    0.00      0 .00       +      +      
 29 2.4E-14    0.00    460 .00 HNO3  +OH    +      =1.0H2O   +1.0NO3   
 30 2.7E-17    0.00   2199 .00       +      +      
 31 6.5E-34    0.00   1335 .00       +      +      
 32 7.0E-31    2.60      0 .60 NO    +OH    +M     =1.0HNO2  +1.0M     
 33 3.6E-11    0.10      0 .00       +      +      
 34 1.8E-11    0.00   -390 .00 HNO2  +OH    +      =1.0H2O   +1.0NO2   
 35 2.0E-31    3.40      0 .60 HO2   +NO2   +M     =1.0HNO4  +1.0M     
 36 2.9E-12    1.10      0 .00       +      +      
 37 9.5E-05    3.40 -10900 .60 HNO4  +      +M     =1.0HO2   +1.0NO2   
 38 1.4E+15    1.10 -10900 .00       +      +      
 39 1.3E-12    0.00    380 .00 HNO4  +OH    +      =1.0H2O   +1.0NO2   +1.0O2    
 40 3.5E-12    0.00      0 .00 HO2   +NO3   +      =1.0OH    +1.0NO2   +1.0O2    
 41 1.5E-11    0.00    170 .00 NO    +NO3   +      =2.0NO2   
 42 2.2E-11    0.00      0 .00 OH    +NO3   +      =1.0HO2   +1.0NO2   
 43 2.0E-30    4.40      0 .60 NO2   +NO3   +M     =1.0N2O5  +1.0M     
 44 1.4E-12    0.70      0 .00       +      +      
 45 7.4E-04    4.40 -11000 .60 N2O5  +      +M     =1.0NO2   +1.0NO3   
 46 5.2E+14    0.70 -11000 .00       +      +      
 47 4.0E-13    0.00      0 .00 HCOOH +OH    +      =1.0H2O   +0.0      +1.0HO2   
 48 2.9E-12    0.00   -345 .00 MOH   +OH    +      =1.0HO2   +1.0CH2O  
 49 4.5E-14    0.00  -1260 .00 NO2   +NO3   +      =1.0NO    +1.0NO2   +1.0O2    
 50 5.8E-16    0.00      0 .00 NO3   +CH2O  +      =1.0HNO3  +1.0HO2   +1.0CO    
 51 4.6E-12    0.00    350 .00 ALD2  +OH    +      =0.9MCO3  +0.1CH2O  +0.1CO    +0.0      +0.1HO2   +1.0H2O   
 52 1.4E-12    0.00  -1900 .00 ALD2  +NO3   +      =1.0HNO3  +1.0MCO3  
 53 9.7E-29    5.60      0 .60 MCO3  +NO2   +M     =1.0PAN   
 54 9.3E-12    1.50      0 .00       +      +      
 55 9.3E-29    0.00  14000 .00 PAN   +      +      =1.0MCO3  +1.0NO2   
 56 8.1E-12    0.00    270 .00 MCO3  +NO    +      =1.0MO2   +1.0NO2   
 57 7.7E-12    0.00  -1020 .00 C2H6  +OH    +      =1.0ETO2  +1.0H2O   
 58 2.6E-12    0.00    365 .00 ETO2  +NO    +      =1.0ALD2  +1.0NO2   +1.0HO2   
 59 7.6E-12    0.00   -585 .00 C3H8  +OH    +      =1.0B3O2  
 60 5.9E+00    0.64   -816 .00       +      +      
 61 7.6E-12    0.00   -585 .00 C3H8  +OH    +      =1.0A3O2  
 62 1.7E-01   -0.64    816 .00       +      +      
 63 2.9E-12    0.00    350 .00 A3O2  +NO    +      =1.0NO2   +1.0HO2   +1.0RCHO  
 64 2.7E-12    0.00    350 .00 PO2   +NO    +      =1.0NO2   +1.0HO2   +1.0CH2O  +1.0ALD2  
 65 9.1E-12    0.00   -405 .00 ALK4  +OH    +      =1.0R4O2  
 66 2.7E-12    0.00    350 .00 R4O2  +NO    +      =1.0NO2   +0.3ACET  +0.2MEK   +0.2MO2   +0.3HO2   +0.3ALD2  +0.1RCHO  +0.1A3O2  +0.2B3O2  +0.3ETO2  
 67 4.5E+00    0.00      0 .00       +      +      
 68 2.7E-12    0.00    350 .00 R4O2  +NO    +      =1.0R4N2  
 69 4.5E+00    0.00      0 .00       +      +      
 70 2.7E-12    0.00    350 .00 R4N1  +NO    +      =2.0NO2   +0.4CH2O  +0.8ALD2  +0.6RCHO  +0.3R4O2  
 71 2.8E-12    0.00    300 .00 ATO2  +NO    +      =1.0NO2   +1.0CH2O  +1.0MCO3  +0.0R4N2  
 72 2.7E-12    0.00    350 .00 KO2   +NO    +      =0.9NO2   +0.9ALD2  +0.9MCO3  +0.1R4N2  
 73 2.7E-12    0.00    350 .00 RIO2  +NO    +      =0.9NO2   +0.8HO2   +0.7CH2O  +0.4MVK   +0.3MACR  +0.1ISOPND+0.0ISOPNB+0.1HC5   +0.1DIBOO 
 74 4.1E+08    0.00  -7694 .00 RIO2  +      +      =2.0HO2   +1.0CH2O  +0.5MGLY  +0.5GLYC  +0.5GLYX  +0.5HAC   +1.0OH    
 75 2.7E-12    0.00    350 .00 VRO2  +NO    +      =0.9NO2   +0.3HO2   +0.3CH2O  +0.5MCO3  +0.5GLYC  +0.3MGLY  +0.1MVKN  
 76 2.7E-12    0.00    350 .00 MRO2  +NO    +      =0.8NO2   +0.8HO2   +0.1MGLY  +0.7HAC   +0.7CO    +0.1CH2O  +0.1MACRN 
 77 2.9E+07    0.00  -5297 .00 MRO2  +      +      =1.0CO    +1.0HAC   +1.0OH    
 78 2.7E-12    0.00    350 .00 MAN2  +NO    +      =1.5NO2   +0.5CH2O  +0.5MGLY  +0.5PROPNN+0.5CO    +0.5OH    
 79 2.7E-12    0.00    350 .00 B3O2  +NO    +      =1.0NO2   +1.0HO2   +1.0ACET  
 80 2.7E-12    0.00    350 .00 INO2  +NO    +      =1.3NO2   +0.8HO2   +0.7ISN1  +0.2HC5   +0.0MACR  +0.1CH2O  +0.0MVK   
 81 2.3E-12    0.00      0 .00 INO2  +NO3   +      =1.3NO2   +0.8HO2   +0.7ISN1  +0.2HC5   +0.0MACR  +0.1CH2O  +0.0MVK   
 82 3.2E-13    0.00   -448 .00 ISN1  +NO3   +      =0.6ISNOOA+0.4ISNOOB+0.6HNO3  
 83 4.0E-12    0.00      0 .00 ISNOOA+NO3   +      =1.0NO2   +1.0R4N2  +1.0CO    +1.0HO2   
 84 6.7E-12    0.00    340 .00 ISNOOA+NO    +      =1.0NO2   +1.0R4N2  +1.0CO    +1.0HO2   
 85 9.0E-28    8.90      0 .60 ISNOOA+NO2   +      =1.0PMN   
 86 7.7E-12    0.20      0 .00       +      +      
 87 5.2E-13    0.00    980 .00 ISNOOA+HO2   +      =0.8RP    +0.2RCOOH +0.2O3    
 88 2.3E-12    0.00      0 .00 ISNOOB+NO3   +      =1.0R4N2  +1.0GLYX  +1.0NO2   +1.0NO2   
 89 2.6E-12    0.00    380 .00 ISNOOB+NO    +      =0.9R4N2  +0.9GLYX  +0.9NO2   +0.9NO2   
 90 2.1E-13    0.00   1300 .00 ISNOOB+HO2   +      =1.0INPN  
 91 2.0E-13    0.00      0 .00 ISNOOB+MO2   +      =0.7R4N2  +0.7GLYX  +0.7NO2   +0.2CH2O  +0.2MOH   +0.5HO2   +0.5CH2O  
 92 4.1E-15    0.00  -1520 .00 ISN1  +O3    +      =0.3R4N2  +0.7GLYX  +0.7NO2   +0.2CH2O  +0.2MOH   +0.5HO2   +0.5CH2O  
 93 7.5E-12    0.00    410 .00 ISN1  +OH    +      =0.3ISNOOA+0.7ISNOHO
 94 2.6E-12    0.00    380 .00 ISNOHO+NO    +      =0.9R4N2  +0.9HO2   +0.9GLYX  
 95 2.1E-13    0.00   1300 .00 ISNOHO+HO2   +      =1.0INPN  
 96 2.1E-13    0.00      0 .00 ISNOHO+MO2   +      =0.7R4N2  +0.7GLYX  +0.7HO2   +0.2CH2O  +0.2MOH   +0.5CH2O  +0.5HO2   
 97 1.2E-12    0.00      0 .00 INO2  +INO2  +      =0.3NO2   +0.8HO2   +0.7ISN1  +0.2HC5   +0.0MACR  +0.1CH2O  +0.0MVK   +0.5ISN1  +0.5ISOPND
 98 2.7E-12    0.00    350 .00 PRN1  +NO    +      =2.0NO2   +1.0CH2O  +1.0ALD2  
 99 2.8E-12    0.00  -3280 .00 ALK4  +NO3   +      =1.0HNO3  +1.0R4O2  
100 1.6E-12    0.00      0 .00 R4N2  +OH    +      =1.0R4N1  +1.0H2O   
101 3.1E-14    0.00    920 .00 ACTA  +OH    +      =1.0MO2   +0.0      +1.0H2O   
102 6.0E-12    0.00    410 .00 OH    +RCHO  +      =1.0RCO3  +1.0H2O   
103 9.0E-28    8.90      0 .60 RCO3  +NO2   +M     =1.0PPN   
104 7.7E-12    0.20      0 .00       +      +      
105 9.0E-29    0.00  14000 .00 PPN   +      +      =1.0RCO3  +1.0NO2   
106 9.0E-28    8.90      0 .60 MAO3  +NO2   +M     =1.0PMN   
107 7.7E-12    0.20      0 .00       +      +      
108 9.0E-29    0.00  14000 .00 PMN   +      +      =1.0MAO3  +1.0NO2   
109 6.7E-12    0.00    340 .00 RCO3  +NO    +      =1.0NO2   +1.0ETO2  
110 6.7E-12    0.00    340 .00 MAO3  +NO    +      =1.0NO2   +0.5CH2O  +0.5CO    +0.0      +0.5MO2   +0.5MCO3  
111 6.5E-15    0.00      0 .00 RCHO  +NO3   +      =1.0HNO3  +1.0RCO3  
112 1.3E-13    0.00      0 .00 ACET  +OH    +      =1.0ATO2  +1.0H2O   
113 3.8E-11    0.00  -2000 .00 ACET  +OH    +      =1.0ATO2  +1.0H2O   
114 5.9E-13    0.00      0 .00 A3O2  +MO2   +      =1.0HO2   +0.8CH2O  +0.8RCHO  +0.2MOH   +0.2ROH   
115 5.9E-13    0.00      0 .00 PO2   +MO2   +      =1.0HO2   +0.5ALD2  +1.2CH2O  +0.2HAC   +0.1RCHO  +0.2MOH   +0.2ROH   
116 7.4E-13    0.00    700 .00 R4O2  +HO2   +      =1.0R4P   
117 7.4E-13    0.00    700 .00 R4N1  +HO2   +      =1.0R4N2  
118 8.6E-13    0.00    700 .00 ATO2  +HO2   +      =0.1MCO3  +0.1OH    +0.1CH2O  +0.8ATOOH 
119 2.9E-13    0.00   1300 .00 KO2   +HO2   +      =0.1OH    +0.1ALD2  +0.1MCO3  +0.8ATOOH 
120 4.0E+00    0.00      0 .00       +      +      
121 2.9E-13    0.00   1300 .00 RIO2  +HO2   +      =0.9RIP   +0.1OH    +0.0MACR  +0.1MVK   +0.1HO2   +0.1CH2O  
122 5.0E+00    0.00      0 .00       +      +      
123 2.9E-13    0.00   1300 .00 VRO2  +HO2   +      =0.1VRP   +0.7OH    +0.6GLYC  +0.6MCO3  +0.2MEK   +0.1HO2   +0.1CH2O  +0.1MGLY  +0.0RCHO  
124 4.0E+00    0.00      0 .00       +      +      
125 2.9E-13    0.00   1300 .00 MRO2  +HO2   +      =1.0MRP   
126 4.0E+00    0.00      0 .00       +      +      
127 2.9E-13    0.00   1300 .00 MAN2  +HO2   +      =0.1PROPNN+0.1CO    +0.1HO2   +0.1MGLY  +0.1CH2O  +0.1NO2   +0.1OH    +0.8ISNP  
128 4.0E+00    0.00      0 .00       +      +      
129 2.9E-13    0.00   1300 .00 B3O2  +HO2   +      =1.0RB3P  
130 3.0E+00    0.00      0 .00       +      +      
131 2.9E-13    0.00   1300 .00 INO2  +HO2   +      =1.0INPN  
132 5.0E+00    0.00      0 .00       +      +      
133 2.9E-13    0.00   1300 .00 PRN1  +HO2   +      =1.0PRPN  
134 3.0E+00    0.00      0 .00       +      +      
135 1.3E-12    0.00    -25 .00 MEK   +OH    +      =1.0KO2   +1.0H2O   
136 3.0E-13    0.00      0 .00 MO2   +ETO2  +      =0.8CH2O  +0.8ALD2  +1.0HO2   +0.2MOH   +0.2EOH   
137 8.0E-16    0.00      0 .00 MEK   +NO3   +      =1.0HNO3  +1.0KO2   
138 8.4E-14    0.00      0 .00 R4O2  +MO2   +      =0.2ACET  +0.1MEK   +0.1MO2   +0.1HO2   +0.2ALD2  +0.1RCHO  +0.0A3O2  +0.1B3O2  +0.2ETO2  +0.2MEK   +0.8CH2O  +0.2MOH   +0.2ROH   +0.5HO2   
139 8.4E-14    0.00      0 .00 R4N1  +MO2   +      =1.0NO2   +0.2CH2O  +0.4ALD2  +0.3RCHO  +0.1R4O2  +0.2RCHO  +0.8CH2O  +0.2MOH   +0.2ROH   +0.5HO2   
140 7.5E-13    0.00    500 .00 ATO2  +MO2   +      =0.3HO2   +0.3CH2O  +0.3MCO3  +0.2HAC   +0.2CH2O  +0.5MGLY  +0.5MOH   
141 8.4E-14    0.00      0 .00 KO2   +MO2   +      =0.5ALD2  +0.5MCO3  +0.2MEK   +0.8CH2O  +0.2MOH   +0.2ROH   +0.5HO2   
142 8.4E-14    0.00      0 .00 RIO2  +MO2   +      =1.1HO2   +1.2CH2O  +0.3MVK   +0.2MACR  +0.3HC5   +0.2MOH   +0.2ROH   
143 1.5E-13    0.00      0 .00 RIO2  +RIO2  +      =1.3HO2   +0.9CH2O  +0.6MVK   +0.4MACR  +0.5ROH   +0.5HC5   
144 8.4E-14    0.00      0 .00 HC5OO +MO2   +      =0.5HO2   +0.3CO    +0.1H2    +0.2HAC   +0.1GLYC  +0.3MGLY  +0.2MEK   +0.9CH2O  +0.2MOH   +0.2ROH   +0.5HO2   
145 8.4E-14    0.00      0 .00 VRO2  +MO2   +      =0.1HO2   +0.1CH2O  +0.4MCO3  +0.4GLYC  +0.1MGLY  +0.2MEK   +0.8CH2O  +0.2MOH   +0.2ROH   +0.5HO2   
146 8.4E-14    0.00      0 .00 MRO2  +MO2   +      =0.6HAC   +0.3MGLY  +0.6CO    +1.3CH2O  +1.7HO2   +0.1ROH   
147 8.4E-14    0.00      0 .00 MAN2  +MO2   +      =0.4PROPNN+0.4CO    +0.4HO2   +0.4MGLY  +0.4CH2O  +0.4NO2   +0.0      +0.0      +0.2CH2O  +0.2R4N2  
148 8.4E-14    0.00      0 .00 B3O2  +MO2   +      =0.5HO2   +0.5ACET  +0.2ACET  +0.8CH2O  +0.2MOH   +0.2ROH   +0.5HO2   
149 1.3E-12    0.00      0 .00 INO2  +MO2   +      =0.1NO2   +0.4HO2   +0.3ISN1  +0.0CH2O  +0.0MACR  +0.0MVK   +0.1HC5   +0.2ISN1  +0.2ISOPND+0.5CH2O  +0.5HO2   +0.2CH2O  +0.2MOH   
150 8.4E-14    0.00      0 .00 PRN1  +MO2   +      =1.0NO2   +0.5CH2O  +0.5ALD2  +0.2RCHO  +0.8CH2O  +0.2MOH   +0.2ROH   +0.5HO2   
151 3.4E-12    0.00      0 .00 EOH   +OH    +      =1.0HO2   +1.0ALD2  
152 4.6E-12    0.00     70 .00 ROH   +OH    +      =1.0HO2   +1.0RCHO  
153 4.1E-14    0.00      0 .00 ETO2  +ETO2  +      =2.0ALD2  +2.0HO2   
154 2.7E-14    0.00      0 .00 ETO2  +ETO2  +      =1.0EOH   +1.0ALD2  
155 7.4E-13    0.00    700 .00 HO2   +ETO2  +      =1.0ETP   
156 2.9E-13    0.00   1300 .00 A3O2  +HO2   +      =1.0RA3P  
157 3.0E+00    0.00      0 .00       +      +      
158 2.9E-13    0.00   1300 .00 PO2   +HO2   +      =1.0PP    
159 3.0E+00    0.00      0 .00       +      +      
160 5.2E-13    0.00    980 .00 HO2   +MCO3  +      =0.4MAP   +0.1ACTA  +0.1O3    +0.4OH    +0.4MO2   
161 4.3E-13    0.00   1040 .00 RCO3  +HO2   +      =0.4RP    +0.1RCOOH +0.1O3    +0.4OH    +0.4ETO2  
162 4.3E-13    0.00   1040 .00 MAO3  +HO2   +      =0.4OH    +0.1O3    +0.6CH2O  +0.4MO2   +0.4MAOP  +0.4CO    
163 8.0E-27    3.50      0 .50 PRPE  +OH    +M     =1.0PO2   
164 3.0E-11    1.00      0 .00       +      +      
165 5.5E-15    0.00  -1880 .00 PRPE  +O3    +      =0.4ALD2  +0.2OH    +0.2HO2   +0.4CO    +0.6CH2O  +0.1HCOOH +0.1ACTA  +0.0MOH   
166 2.9E-11    0.00      0 .00 PMN   +OH    +      =1.0HAC   +1.0CO    +1.0NO2   
167 8.2E-18    0.00      0 .00 PMN   +O3    +      =1.0NO2   +0.6CH2O  +1.0HO2   
168 8.0E-12    0.00      0 .00 GLYC  +OH    +      =0.7CH2O  +0.0      +0.5CO    +0.2OH    +0.8HO2   +0.1GLYX  +0.1HCOOH 
169 8.0E-12    0.00      0 .00 GLYC  +OH    +      =1.0HCOOH +1.0OH    +1.0CO    
170 4.6E-13    0.00  -1156 .00 PRPE  +NO3   +      =1.0PRN1  
171 3.1E-12    0.00    340 .00 GLYX  +OH    +      =1.0HO2   +2.0CO    
172 1.5E-11    0.00      0 .00 MGLY  +OH    +      =1.0MCO3  +1.0CO    
173 1.4E-12    0.00  -1860 .00 GLYX  +NO3   +      =1.0HNO3  +1.0HO2   +2.0CO    
174 3.4E-12    0.00  -1860 .00 MGLY  +NO3   +      =1.0HNO3  +1.0CO    +1.0MCO3  
175 3.1E-11    0.00    350 .00 ISOP  +OH    +      =1.0RIO2  +1.0LISOPO
176 2.6E-12    0.00    610 .00 MVK   +OH    +      =1.0VRO2  
177 8.0E-12    0.00    380 .00 MACR  +OH    +      =0.5MAO3  +0.5MRO2  
178 2.1E-12    0.00    305 .00 HAC   +OH    +      =1.0MGLY  +1.0HO2   
179 2.1E-12    0.00    305 .00 HAC   +OH    +      =0.5HCOOH +1.0OH    +0.5ACTA  +0.0      +0.5CO    +0.5MO2   
180 1.7E-12    0.00    500 .00 MCO3  +A3O2  +      =1.0MO2   +1.0RCHO  +1.0HO2   
181 1.7E-12    0.00    500 .00 MCO3  +PO2   +      =1.0MO2   +1.0ALD2  +1.0CH2O  +1.0HO2   
182 1.9E-13    0.00    500 .00 MCO3  +A3O2  +      =1.0ACTA  +1.0RCHO  
183 1.9E-13    0.00    500 .00 MCO3  +PO2   +      =1.0ACTA  +0.3RCHO  +0.7HAC   
184 1.0E-14    0.00  -1970 .00 ISOP  +O3    +      =0.2MVK   +0.3MACR  +0.8CH2O  +0.1H2O2  +0.5CO    +0.2HCOOH +0.2MCO3  +0.0HO2   +0.3OH    +0.1PRPE  +0.1MO2   
185 8.5E-16    0.00  -1520 .00 MVK   +O3    +      =0.2OH    +0.2HO2   +0.4HCOOH +0.5CO    +0.1ALD2  +0.9MGLY  +0.1CH2O  
186 1.4E-15    0.00  -2100 .00 MACR  +O3    +      =0.3OH    +0.2HO2   +0.3HCOOH +0.6CO    +0.9MGLY  +0.1CH2O  
187 3.3E-12    0.00   -450 .00 ISOP  +NO3   +      =1.0INO2  
188 2.3E-15    0.00      0 .00 MACR  +NO3   +      =1.0MAN2  
189 1.1E-15    0.00      0 .00 MACR  +NO3   +      =1.0MAO3  +1.0HNO3  
190 1.7E-12    0.00    500 .00 RCO3  +MO2   +      =1.0CH2O  +1.0HO2   +1.0ETO2  
191 1.7E-12    0.00    500 .00 MAO3  +MO2   +      =1.0CH2O  +1.0HO2   +1.0CH2O  +1.0MCO3  
192 1.9E-13    0.00    500 .00 RCO3  +MO2   +      =1.0RCOOH +1.0CH2O  
193 1.9E-13    0.00    500 .00 MAO3  +MO2   +      =1.0RCOOH +1.0CH2O  
194 1.9E-11    0.00    390 .00 INPN  +OH    +      =1.0OH    +1.0NO2   +1.0MEK   
195 5.2E-12    0.00    200 .00 INPN  +OH    +      =0.4INO2  +0.6R4N2  +0.6OH    
196 8.8E-12    0.00    200 .00 PRPN  +OH    +      =0.2PRN1  +0.8OH    +0.8PROPNN
197 5.2E-12    0.00    200 .00 ETP   +OH    +      =0.6OH    +0.4ETO2  +0.6ALD2  
198 5.2E-12    0.00    200 .00 RA3P  +OH    +      =0.6OH    +0.4A3O2  +0.6RCHO  
199 8.8E-12    0.00    200 .00 RB3P  +OH    +      =0.8OH    +0.2B3O2  +0.8ACET  
200 8.8E-12    0.00    200 .00 R4P   +OH    +      =0.8OH    +0.2R4O2  +0.8RCHO  
201 6.1E-13    0.00    200 .00 RP    +OH    +      =1.0RCO3  
202 8.8E-12    0.00    200 .00 PP    +OH    +      =0.8OH    +0.2PO2   +0.8HAC   
203 4.7E-12    0.00    200 .00 RIP   +OH    +      =0.4RIO2  +0.6OH    +0.6HC5   
204 1.9E-11    0.00    390 .00 RIP   +OH    +      =1.0OH    +1.0IEPOX 
205 5.8E-11    0.00   -400 .00 IEPOX +OH    +      =1.0IEPOXO
206 2.9E-13    0.00   1300 .00 IEPOXO+HO2   +      =0.7HAC   +0.3GLYC  +0.3GLYX  +0.3MGLY  +1.1OH    +0.8HO2   +0.0      +0.4CH2O  +0.1HCOOH +0.3CO    
207 5.0E+00    0.00      0 .00       +      +      
208 2.7E-12    0.00    350 .00 IEPOXO+NO    +      =0.7HAC   +0.3GLYC  +0.3GLYX  +0.3MGLY  +0.1OH    +0.8HO2   +0.0      +0.4CH2O  +0.1HCOOH +0.3CO    +1.0NO2   
209 5.3E-12    0.00    200 .00 IAP   +OH    +      =0.7OH    +0.7DHMOB +0.3HC5OO 
210 8.8E-12    0.00    200 .00 VRP   +OH    +      =0.8OH    +0.8MEK   +0.2VRO2  
211 1.8E-12    0.00    200 .00 MRP   +OH    +      =1.0MRO2  
212 4.4E-12    0.00    380 .00 MRP   +OH    +      =0.0      +1.0HAC   +1.0OH    
213 6.1E-13    0.00    200 .00 MAOP  +OH    +      =1.0MAO3  
214 3.6E-12    0.00    380 .00 MAOP  +OH    +      =1.0MAOPO2
215 1.7E-12    0.00    500 .00 MCO3  +MAOPO2+      =1.0HAC   +0.0      +1.0OH    +1.0MO2   
216 1.9E-13    0.00    500 .00 MCO3  +MAOPO2+      =1.0ACTA  +1.0MEK   
217 8.4E-14    0.00      0 .00 MAOPO2+MO2   +      =0.7HAC   +0.0      +0.7OH    +1.0CH2O  +0.7HO2   +0.3ROH   
218 8.4E-14    0.00      0 .00 MAOPO2+MAOPO2+      =2.0HAC   +0.0      +2.0OH    
219 2.9E-13    0.00   1300 .00 MAOPO2+HO2   +      =1.0HAC   +0.0      +2.0OH    
220 4.0E+00    0.00      0 .00       +      +      
221 2.7E-12    0.00    350 .00 MAOPO2+NO    +      =1.0HAC   +0.0      +1.0OH    +1.0NO2   
222 4.0E+00    0.00      0 .00       +      +      
223 2.7E-12    0.00    350 .00 MAOPO2+NO    +      =1.0HNO3  
224 4.0E+00    0.00      0 .00       +      +      
225 6.1E-13    0.00    200 .00 OH    +MAP   +      =1.0MCO3  
226 1.4E-18    0.00      0 .00 C2H6  +NO3   +      =1.0ETO2  +1.0HNO3  
227 6.2E-15    0.00  -1814 .00 HC5   +O3    +      =0.6MGLY  +0.1OH    +0.1CH2O  +0.3GLYC  +0.3O3    +0.4CO    +0.2H2    +0.2HAC   +0.2HCOOH 
228 2.5E-12    0.00    500 .00 MCO3  +MCO3  +      =2.0MO2   
229 1.8E-12    0.00    500 .00 MCO3  +MO2   +      =1.0CH2O  +1.0MO2   +1.0HO2   
230 2.0E-13    0.00    500 .00 MCO3  +MO2   +      =1.0ACTA  +1.0CH2O  
231 1.7E-12    0.00    500 .00 R4O2  +MCO3  +      =1.0MO2   +0.3ACET  +0.2MEK   +0.3HO2   +0.3ALD2  +0.1RCHO  +0.1A3O2  +0.2B3O2  +0.3ETO2  
232 1.7E-12    0.00    500 .00 ATO2  +MCO3  +      =1.0MO2   +1.0MCO3  +1.0CH2O  
233 1.7E-12    0.00    500 .00 KO2   +MCO3  +      =1.0MO2   +1.0ALD2  +1.0MCO3  
234 1.7E-12    0.00    500 .00 RIO2  +MCO3  +      =0.9HO2   +0.7CH2O  +0.5MVK   +0.3MACR  +0.1HC5   +0.1DIBOO +0.0      +1.0MO2   
235 1.7E-12    0.00    500 .00 HC5OO +MCO3  +      =0.2GLYX  +0.2MGLY  +0.2GLYC  +0.2HAC   +0.3DHMOB +0.2MOBA  +0.1RCHO  +1.0HO2   +0.1CO    +1.0MO2   
236 1.7E-12    0.00    500 .00 VRO2  +MCO3  +      =0.4HO2   +0.4CH2O  +0.6MCO3  +0.6GLYC  +0.4MGLY  +1.0MO2   
237 1.7E-12    0.00    500 .00 MRO2  +MCO3  +      =0.8HO2   +0.1MGLY  +0.9HAC   +0.9CO    +0.1CH2O  +1.0MO2   
238 1.7E-12    0.00    500 .00 B3O2  +MCO3  +      =1.0MO2   +1.0HO2   +1.0ACET  
239 1.7E-12    0.00    500 .00 R4N1  +MCO3  +      =1.0MO2   +1.0NO2   +0.4CH2O  +0.8ALD2  +0.6RCHO  +0.3R4O2  
240 1.7E-12    0.00    500 .00 MAN2  +MCO3  +      =0.5PROPNN+0.5CO    +0.5HO2   +0.5MGLY  +0.5CH2O  +0.5NO2   +0.0      +1.0MO2   
241 1.7E-12    0.00    500 .00 INO2  +MCO3  +      =1.0MO2   +0.7ISN1  +0.8HO2   +0.0MVK   +0.0MACR  +0.1CH2O  +0.3NO2   +0.2HC5   
242 1.7E-12    0.00    500 .00 PRN1  +MCO3  +      =1.0MO2   +1.0NO2   +1.0CH2O  +1.0ALD2  
243 1.9E-13    0.00    500 .00 R4O2  +MCO3  +      =1.0MEK   +1.0ACTA  
244 1.9E-13    0.00    500 .00 ATO2  +MCO3  +      =1.0MEK   +1.0ACTA  
245 1.9E-13    0.00    500 .00 KO2   +MCO3  +      =1.0MEK   +1.0ACTA  
246 1.9E-13    0.00    500 .00 RIO2  +MCO3  +      =1.0MEK   +1.0ACTA  
247 1.9E-13    0.00    500 .00 HC5OO +MCO3  +      =1.0MEK   +1.0ACTA  
248 1.9E-13    0.00    500 .00 VRO2  +MCO3  +      =1.0MEK   +1.0ACTA  
249 1.9E-13    0.00    500 .00 MRO2  +MCO3  +      =1.0MEK   +1.0ACTA  
250 1.9E-13    0.00    500 .00 R4N1  +MCO3  +      =1.0RCHO  +1.0ACTA  +1.0NO2   
251 1.9E-13    0.00    500 .00 MAN2  +MCO3  +      =1.0RCHO  +1.0ACTA  +1.0NO2   
252 1.9E-13    0.00    500 .00 INO2  +MCO3  +      =1.0RCHO  +1.0ACTA  +1.0NO2   
253 1.9E-13    0.00    500 .00 PRN1  +MCO3  +      =1.0RCHO  +1.0ACTA  +1.0NO2   
254 1.9E-13    0.00    500 .00 B3O2  +MCO3  +      =1.0ACET  +1.0ACTA  
255 1.7E-12    0.00    500 .00 MCO3  +ETO2  +      =1.0MO2   +1.0ALD2  +1.0HO2   
256 1.9E-13    0.00    500 .00 MCO3  +ETO2  +      =1.0ACTA  +1.0ALD2  
257 2.5E-12    0.00    500 .00 RCO3  +MCO3  +      =1.0MO2   +1.0ETO2  
258 2.5E-12    0.00    500 .00 MAO3  +MCO3  +      =1.0MO2   +1.0CH2O  +1.0MCO3  
259 8.5E-13    0.00  -2450 .00 NO3   +NO3   +      =2.0NO2   +1.0O2    
260 1.0E-30    4.80      0 .60 MO2   +NO2   +M     =1.0MPN   +1.0M     
261 7.2E-12    2.10      0 .00       +      +      
262 1.1E-02    4.80 -11234 .60 MPN   +      +M     =1.0MO2   +1.0NO2   
263 7.6E+16    2.10 -11234 .00       +      +      
264 0.0E+00    0.00      0 .00 EMISSI+      +      =1.0NO    
265 0.0E+00    0.00      0 .00 EMISSI+      +      =1.0NO2   
266 0.0E+00    0.00      0 .00 EMISSI+      +      =1.0CO    
267 0.0E+00    0.00      0 .00 EMISSI+      +      =1.0ALK4  
268 0.0E+00    0.00      0 .00 EMISSI+      +      =1.0ISOP  
269 0.0E+00    0.00      0 .00 EMISSI+      +      =1.0ACET  
270 0.0E+00    0.00      0 .00 EMISSI+      +      =1.0PRPE  
271 0.0E+00    0.00      0 .00 EMISSI+      +      =1.0C3H8  
272 0.0E+00    0.00      0 .00 EMISSI+      +      =1.0C2H6  
273 0.0E+00    0.00      0 .00 EMISSI+      +      =1.0MEK   
274 0.0E+00    0.00      0 .00 EMISSI+      +      =1.0ALD2  
275 0.0E+00    0.00      0 .00 EMISSI+      +      =1.0CH2O  
276 0.0E+00    0.00      0 .00 EMISSI+      +      =1.0O3    
277 0.0E+00    0.00      0 .00 EMISSI+      +      =1.0HNO3  
278 0.0E+00    0.00      0 .00 EMISSI+      +      =1.0CHBr3 
279 0.0E+00    0.00      0 .00 EMISSI+      +      =1.0CH2Br2
280 0.0E+00    0.00      0 .00 EMISSI+      +      =1.0Br2   
281 0.0E+00    0.00      0 .00 EMISSI+      +      =1.0CH4   
282 0.0E+00    0.00      0 .00 ACET  +      +      =0.0      +1.0DRYACE
283 0.0E+00    0.00      0 .00 NO2   +      +      =0.0      +1.0DRYNO2
284 0.0E+00    0.00      0 .00 PMNN  +      +      =0.0      +1.0DRYPMN
285 0.0E+00    0.00      0 .00 O3    +      +      =0.0      +1.0DRYO3 
286 0.0E+00    0.00      0 .00 PAN   +      +      =0.0      +1.0DRYPAN
287 0.0E+00    0.00      0 .00 HNO3  +      +      =0.0      +1.0DRYHNO
288 0.0E+00    0.00      0 .00 CH2O  +      +      =0.0      +1.0DRYCH2
289 0.0E+00    0.00      0 .00 N2O5  +      +      =0.0      +1.0DRYN2O
290 0.0E+00    0.00      0 .00 H2O2  +      +      =0.0      +1.0DRYH2O
291 0.0E+00    0.00      0 .00 PMN   +      +      =0.0      +1.0DRYPMN
292 0.0E+00    0.00      0 .00 PPN   +      +      =0.0      +1.0DRYPPN
293 0.0E+00    0.00      0 .00 R4N2  +      +      =0.0      +1.0DRYR4N
294 0.0E+00    0.00      0 .00 MVK   +      +      =0.0      +1.0DRYMVK
295 0.0E+00    0.00      0 .00 MACR  +      +      =0.0      +1.0DRYMAC
296 0.0E+00    0.00      0 .00 HAC   +      +      =0.0      +1.0DRYHAC
297 0.0E+00    0.00      0 .00 ALD2  +      +      =0.0      +1.0DRYALD
298 0.0E+00    0.00      0 .00 IEPOX +      +      =0.0      +1.0DRYIEP
299 0.0E+00    0.00      0 .00 RIP   +      +      =0.0      +1.0DRYRIP
300 0.0E+00    0.00      0 .00 ISOPND+      +      =0.0      +1.0DRYISO
301 0.0E+00    0.00      0 .00 ISOPNB+      +      =0.0      +1.0DRYISO
302 1.1E-16    0.00      0 .00 ISOPNB+O3    +      =0.6MVKN  +0.4MACRN +0.3OH    +1.0CH2O  
303 5.3E-17    0.00      0 .00 ISOPND+O3    +      =0.5PROPNN+0.5ETHLN +0.3OH    +0.5GLYC  +0.5HAC   
304 0.0E+00    0.00      0 .00 PROPNN+      +      =0.0      +1.0DRYPRO
305 0.0E+00    0.00      0 .00 MACRN +      +      =0.0      +1.0DRYMAC
306 0.0E+00    0.00      0 .00 MVKN  +      +      =0.0      +1.0DRYMVK
307 0.0E+00    0.00      0 .00 HCOOH +      +      =0.0      +1.0DRYHCO
308 0.0E+00    0.00      0 .00 ACTA  +      +      =0.0      +1.0DRYACT
309 3.3E+01    0.20      0 .00 HO2   +      +      
310 4.6E+01    0.00      0 .00 NO2   +      +      =0.5HNO3  +0.5HNO2  
311 6.2E+01    0.10      0 .00 NO3   +      +      =1.0HNO3  
312 1.1E+02    0.10      0 .00 N2O5  +H2O   +      =2.0HNO3  
313 1.2E-11    0.00   -280 .00 DMS   +OH    +      =1.0SO2   +1.0MO2   +1.0CH2O  
314 8.2E-39    0.00   5376 .00 DMS   +OH    +O2    =0.8SO2   +0.2MSA   +1.0MO2   
315 1.0E-05    0.00   3644 .00       +      +      
316 1.9E-13    0.00    530 .00 DMS   +NO3   +      =1.0SO2   +1.0HNO3  +1.0MO2   +1.0CH2O  
317 3.3E-31    4.30      0 .60 SO2   +OH    +M     =1.0SO4   +1.0HO2   
318 1.6E-12    0.00      0 .00       +      +      
319 1.6E-11    0.00   -780 .00 Br    +O3    +      =1.0BrO   +1.0O2    
320 4.5E-12    0.00    460 .00 BrO   +HO2   +      =1.0HOBr  +1.0O2    
321 4.8E-12    0.00   -310 .00 Br    +HO2   +      =1.0HBr   +1.0O2    
322 5.5E-12    0.00    200 .00 HBr   +OH    +      =1.0Br    +1.0H2O   
323 2.4E-12    0.00     40 .00 BrO   +BrO   +      =2.0Br    +1.0O2    
324 2.8E-14    0.00    860 .00 BrO   +BrO   +      =1.0Br2   +1.0O2    
325 8.8E-12    0.00    260 .00 BrO   +NO    +      =1.0Br    +1.0NO2   
326 4.9E-11    0.00      0 .00 Br    +BrNO3 +      =1.0Br2   +1.0NO3   
327 2.1E-11    0.00    240 .00 Br2   +OH    +      =1.0HOBr  +1.0Br    
328 1.2E-10    0.00   -430 .00 HOBr  +O     +      =1.0OH    +1.0BrO   
329 5.8E-12    0.00  -1500 .00 HBr   +O     +      =1.0OH    +1.0Br    
330 1.7E-11    0.00    250 .00 BrO   +OH    +      =1.0Br    +1.0HO2   
331 1.6E-11    0.00      0 .00 Br    +NO3   +      =1.0BrO   +1.0NO2   
332 1.7E-11    0.00   -800 .00 Br    +CH2O  +      =1.0HBr   +1.0HO2   +1.0CO    
333 1.3E-11    0.00   -360 .00 Br    +ALD2  +      =1.0HBr   +1.0MCO3  +1.0CO    
334 1.7E-10    0.00  -7000 .00 Br    +ACET  +      =1.0HBr   +1.0ATO2  +1.0CO    
335 2.4E-10    0.00  -6411 .00 Br    +C2H6  +      =1.0HBr   +1.0ETO2  +1.0CO    
336 8.8E-11    0.00  -4330 .00 Br    +C3H8  +      =1.0HBr   +1.0A3O2  +1.0CO    
337 4.2E-31    2.40      0 .60 Br    +NO2   +M     =1.0BrNO2 +1.0M     
338 2.7E-11    0.00      0 .00       +      +      
339 5.2E-31    3.20      0 .60 BrO   +NO2   +M     =1.0BrNO3 +1.0M     
340 6.9E-12    2.90      0 .00       +      +      
341 1.3E-12    0.00   -600 .00 CHBr3 +OH    +      =3.0Br    
342 2.0E-12    0.00   -840 .00 CH2Br2+OH    +      =2.0Br    
343 2.3E-12    0.00  -1300 .00 CH3Br +OH    +      =1.0Br    +1.0H2O   +1.0HO2   
344 1.4E+02    0.30      0 .00 BrNO3 +H2O   +      =1.0HOBr  +1.0HNO3  
345 9.7E+01    0.20      0 .00 HOBr  +      +      =0.5Br2   +1.0H2O   
346 8.1E+01    0.20      0 .00 HBr   +      +      =0.5Br2   
347 9.7E+01    0.10      0 .00 HOBr  +      +      =0.5Br2   +1.0H2O   
348 8.1E+01    0.10      0 .00 HBr   +      +      =0.5Br2   
349 0.0E+00    0.00      0 .00 HOBr  +      +      =0.0      +1.0DRYHOB
350 0.0E+00    0.00      0 .00 HBr   +      +      =0.0      +1.0DRYHBr
351 0.0E+00    0.00      0 .00 BrNO3 +      +      =0.0      +1.0DRYBrN
352 0.0E+00    0.00      0 .00 Br2   +      +      =0.0      +1.0DRYBr2
353 3.4E-11    0.00    380 .00 HC5   +OH    +      =1.0HC5OO 
354 2.7E-12    0.00    350 .00 HC5OO +NO    +      =1.0NO2   +0.2GLYX  +0.2MGLY  +0.2GLYC  +0.2HAC   +0.3DHMOB +0.2MOBA  +0.1RCHO  +1.0HO2   +0.1CO    
355 5.0E+00    0.00      0 .00       +      +      
356 2.7E-12    0.00    350 .00 HC5OO +NO    +      =1.0HNO3  
357 5.0E+00    0.00      0 .00       +      +      
358 2.9E-13    0.00   1300 .00 HC5OO +HO2   +      =0.1IAP   +0.9OH    +0.9MGLY  +0.9GLYC  +0.9HO2   
359 5.0E+00    0.00      0 .00       +      +      
360 2.6E-11    0.00    380 .00 ISOPND+OH    +      =1.0ISOPND
361 3.6E-12    0.00    380 .00 ISOPNB+OH    +      =1.0ISOPNB
362 2.7E-12    0.00    350 .00 ISOPND+NO    +      =0.1MACRN +0.3HCOOH +0.4HAC   +0.1ETHLN +0.7CH2O  +1.3NO2   +0.1GLYC  +0.3NO3   +0.1PROPNN+0.3MEK   +0.3HO2   
363 5.0E+00    0.00      0 .00       +      +      
364 2.7E-12    0.00    350 .00 ISOPND+NO    +      =1.0HNO3  
365 5.0E+00    0.00      0 .00       +      +      
366 2.9E-13    0.00   1300 .00 ISOPND+HO2   +      =0.0MACRN +0.2HCOOH +0.2HAC   +0.1ETHLN +0.3CH2O  +0.2NO2   +0.1GLYC  +0.2NO3   +0.1PROPNN+0.2MEK   +0.2HO2   +0.5OH    +0.5ISNP  
367 5.0E+00    0.00      0 .00       +      +      
368 2.7E-12    0.00    350 .00 ISOPNB+NO    +      =0.6GLYC  +0.6HAC   +0.4CH2O  +0.3MACRN +0.4HO2   +0.1MVKN  +1.6NO2   
369 5.0E+00    0.00      0 .00       +      +      
370 2.7E-12    0.00    350 .00 ISOPNB+NO    +      =1.0HNO3  
371 5.0E+00    0.00      0 .00       +      +      
372 2.9E-13    0.00   1300 .00 ISOPNB+HO2   +      =0.3GLYC  +0.3HAC   +0.2CH2O  +0.1MACRN +0.1MVKN  +0.3NO2   +0.2HO2   +0.5OH    +0.5ISNP  
373 5.0E+00    0.00      0 .00       +      +      
374 4.7E-12    0.00    200 .00 ISNP  +OH    +      =0.6OH    +0.6R4N1  +0.2ISOPNB+0.2ISOPND
375 1.5E-12    0.00    380 .00 MVKN  +OH    +      =0.7HCOOH +1.0NO3   +0.7MGLY  +0.3CH2O  +0.3PYAC  
376 1.4E-11    0.00    380 .00 MACRN +OH    +      =1.0MACRNO
377 2.7E-12    0.00    350 .00 MACRNO+NO    +      =0.1ACTA  +0.1CH2O  +0.1NO3   +0.1HCOOH +0.1MGLY  +0.8HAC   +0.8NO2   +0.0      +1.0NO2   
378 2.9E-13    0.00   1300 .00 MACRNO+HO2   +      =0.1ACTA  +0.1CH2O  +0.1NO3   +0.1HCOOH +0.1MGLY  +0.8HAC   +0.8NO2   +0.0      +1.0OH    
379 4.0E+00    0.00      0 .00       +      +      
380 9.0E-28    8.90      0 .60 MACRNO+NO2   +M     =1.0PMNN  
381 7.7E-12    0.20      0 .00       +      +      
382 9.0E-29    0.00  14000 .00 PMNN  +      +      =1.0MACRNO+1.0NO2   
383 2.5E-12    0.00    410 .00 DHMOB +OH    +      =1.5CO    +1.0HO2   +0.5HAC   +0.5MEK   
384 2.7E-12    0.00    350 .00 DIBOO +NO    +      =1.0HO2   +1.0NO2   +0.5GLYC  +0.5MGLY  +0.5HAC   +0.5GLYX  
385 5.0E+00    0.00      0 .00       +      +      
386 2.7E-12    0.00    350 .00 DIBOO +NO    +      =1.0HNO3  
387 5.0E+00    0.00      0 .00       +      +      
388 2.9E-13    0.00   1300 .00 DIBOO +HO2   +      =0.1HO2   +0.1OH    +0.1GLYC  +0.1MGLY  +0.1HAC   +0.1GLYX  +0.8R4P   
389 5.0E+00    0.00      0 .00       +      +      
390 7.9E-12    0.00    380 .00 MOBA  +OH    +      =1.0MOBAOO
391 2.7E-12    0.00    350 .00 MOBAOO+NO    +      =1.0RCHO  +0.0      +1.0HO2   +1.0NO2   
392 5.0E+00    0.00      0 .00       +      +      
393 2.7E-12    0.00    350 .00 MOBAOO+NO    +      =1.0HNO3  
394 5.0E+00    0.00      0 .00       +      +      
395 2.9E-13    0.00   1300 .00 MOBAOO+HO2   +      =0.5OH    +0.5HO2   +0.5RCHO  +0.0      +0.5R4P   
396 4.0E+00    0.00      0 .00       +      +      
397 2.0E-17    0.00      0 .00 MOBA  +O3    +      =1.0OH    +1.0HO2   +0.0      +1.0MEK   
398 1.0E-11    0.00      0 .00 ETHLN +OH    +      =1.0CH2O  +0.0      +1.0NO2   
399 1.0E-15    0.00      0 .00 PROPNN+OH    +      =1.0NO2   +1.0MGLY  
400 1.6E-10    0.00     60 .00 O1D   +H2O   +      =2.0OH    
401 2.2E-11    0.00    110 .00 O1D   +N2    +      =1.0O     +1.0N2    
402 3.3E-11    0.00     55 .00 O1D   +O2    +      =1.0O     +1.0O2    
403 1.2E-10    0.00      0 .00 O1D   +H2    +      =1.0H     +1.0OH    
404 4.6E-11    0.00     20 .00 O1D   +N2O   +      =1.0N2    +1.0O2    
405 7.2E-11    0.00     20 .00 O1D   +N2O   +      =2.0NO    
406 1.3E-10    0.00      0 .00 O1D   +CH4   +      =1.0MO2   +1.0OH    
407 9.0E-12    0.00      0 .00 O1D   +CH4   +      =1.0CH2O  +1.0H2    
408 3.5E-11    0.00      0 .00 O1D   +CH4   +      =1.0CH2O  +1.0H     +1.0HO2   
409 6.0E-34    2.40      0 .60 O     +O2    +M     =1.0O3    +1.0M     
410 8.0E-12    0.00  -2060 .00 O     +O3    +      =2.0O2    
411 2.8E-12    0.00  -1800 .00 OH    +H2    +      =1.0H2O   +1.0H     
412 1.8E-11    0.00    180 .00 O     +OH    +      =1.0O2    +1.0H     
413 3.0E-11    0.00    200 .00 HO2   +O     +      =1.0OH    +1.0O2    
414 1.2E-10    0.00      0 .00 O1D   +O3    +      =2.0O2    
415 1.2E-10    0.00      0 .00 O1D   +O3    +      =2.0O     +1.0O2    
416 2.1E-11    0.00  -2200 .00 OCS   +O     +      =1.0CO    +1.0SO2   
417 1.1E-13    0.00  -1200 .00 OCS   +OH    +      =0.0      +1.0SO2   
418 5.1E-12    0.00    210 .00 NO2   +O     +      =1.0NO    +1.0O2    
419 1.0E-11    0.00      0 .00 NO3   +O     +      =1.0NO2   +1.0O2    
420 9.0E-32    1.50      0 .60 NO    +O     +M     =1.0NO2   +1.0M     
421 3.0E-11    0.00      0 .00       +      +      
422 2.5E-31    1.80      0 .60 NO2   +O     +M     =1.0NO3   +1.0M     
423 2.2E-11    0.70      0 .00       +      +      
424 1.4E-12    0.00  -2000 .00 H2O2  +O     +      =1.0OH    +1.0HO2   
425 4.4E-32    1.30      0 .60 H     +O2    +M     =1.0HO2   +1.0M     
426 7.5E-11   -0.20      0 .00       +      +      
427 1.4E-10    0.00   -470 .00 H     +O3    +      =1.0OH    +1.0O2    
428 7.2E-11    0.00      0 .00 H     +HO2   +      =2.0OH    
429 1.6E-12    0.00      0 .00 H     +HO2   +      =1.0O     +1.0H2O   
430 6.9E-12    0.00      0 .00 H     +HO2   +      =1.0H2    +1.0O2    
431 1.5E-11    0.00  -3600 .00 N     +O2    +      =1.0NO    +1.0O     
432 2.1E-11    0.00    100 .00 N     +NO    +      =1.0N2    +1.0O     
433 5.8E-12    0.00    220 .00 N     +NO2   +      =1.0N2O   +1.0O     
434 1.9E-11    0.00    230 .00 BrO   +O     +      =1.0Br    +1.0O2    
435 3.4E-11    0.00  -1600 .00 CH2O  +O     +      =1.0CO    +1.0HO2   +1.0OH    
436 1.5E-10    0.00      0 .00 O1D   +HCl   +      =0.1O     +0.1HCl   +0.2H     +0.7Cl    +0.2ClO   +0.7OH    
437 1.5E-10    0.00      0 .00 O1D   +HBr   +      =0.2O     +0.2HBr   +0.1BrO   +0.7OH    +0.1H     +0.7Br    
438 2.7E-10    0.00      0 .00 O1D   +Cl2   +      =0.2O     +0.2Cl2   +0.8Cl    +0.8ClO   
439 3.3E-10    0.00      0 .00 O1D   +CCl4  +      =0.1O     +0.1CCl4  +0.9ClO   +2.6Cl    
440 1.8E-10    0.00      0 .00 O1D   +CH3Br +      =0.4BrO   +1.0MO2   +0.6Br    
441 2.7E-10    0.00      0 .00 O1D   +CH2Br2+      =0.1O     +0.1CH2Br2+0.9BrO   +0.9Br    
442 6.6E-10    0.00      0 .00 O1D   +CHBr3 +      =0.3O     +0.3CHBr3 +0.7BrO   +1.4Br    
443 1.0E-10    0.00      0 .00 O1D   +HCFC22+      =0.3O     +0.3HCFC22+0.6ClO   +0.2Cl    
444 2.3E-10    0.00      0 .00 O1D   +CFC11 +      =0.1O     +0.1CFC11 +0.9ClO   +1.8Cl    
445 1.4E-10    0.00      0 .00 O1D   +CFC12 +      =0.1O     +0.1CFC12 +0.9ClO   +1.7Cl    
446 1.5E-10    0.00      0 .00 O1D   +H1211 +      =0.4O     +0.4H1211 +0.3BrO   +0.3Cl    +0.3Br    +0.3ClO   
447 1.0E-10    0.00      0 .00 O1D   +H1301 +      =0.6O     +0.6H1301 +0.4BrO   
448 2.6E-10    0.00      0 .00 O1D   +HCFC14+      =0.3O     +0.3HCFC14+0.7ClO   +0.7Cl    
449 2.2E-10    0.00      0 .00 O1D   +HCFC14+      =0.3O     +0.3HCFC14+0.7ClO   
450 2.0E-10    0.00      0 .00 O1D   +HCFC12+      =0.2O     +0.2HCFC12+0.8Cl    +0.8ClO   
451 2.0E-10    0.00      0 .00 O1D   +CFC113+      =0.2O     +0.2CFC113+1.5Cl    +0.8ClO   
452 1.3E-10    0.00      0 .00 O1D   +CFC114+      =0.2O     +0.2CFC114+0.8Cl    +0.8ClO   
453 5.0E-11    0.00      0 .00 O1D   +CFC115+      =0.7O     +0.7CFC115+0.3ClO   
454 1.6E-10    0.00      0 .00 O1D   +H2402 +      =0.2O     +0.2H2402 +0.8Br    +0.8BrO   
455 2.6E-12    0.00  -1100 .00 OH    +Cl2   +      =1.0HOCl  +1.0Cl    
456 3.3E-12    0.00   -115 .00 MO2   +ClO   +      =1.0ClOO  +1.0HO2   +1.0CH2O  
457 7.4E-12    0.00    270 .00 OH    +ClO   +      =1.0HO2   +1.0Cl    
458 6.0E-13    0.00    230 .00 OH    +ClO   +      =1.0HCl   +1.0O2    
459 1.4E-12    0.00    600 .00 OH    +OClO  +      =1.0HOCl  +1.0O2    
460 6.0E-13    0.00    670 .00 OH    +Cl2O2 +      =1.0HOCl  +1.0ClOO  
461 1.8E-12    0.00   -250 .00 OH    +HCl   +      =1.0H2O   +1.0Cl    
462 3.0E-12    0.00   -500 .00 OH    +HOCl  +      =1.0H2O   +1.0ClO   
463 2.4E-12    0.00  -1250 .00 OH    +ClNO2 +      =1.0HOCl  +1.0NO2   
464 1.2E-12    0.00   -330 .00 OH    +ClNO3 +      =1.0HOCl  +1.0NO3   
465 2.4E-12    0.00  -1250 .00 OH    +CH3Cl +      =1.0Cl    +1.0HO2   +1.0H2O   
466 1.6E-12    0.00  -1520 .00 OH    +CH3CCl+      =3.0Cl    +1.0H2O   
467 1.0E-12    0.00  -1600 .00 OH    +HCFC22+      =1.0Cl    +1.0H2O   
468 1.2E-12    0.00  -1600 .00 OH    +HCFC14+      =2.0Cl    +1.0H2O   
469 1.3E-12    0.00  -1770 .00 OH    +HCFC14+      =1.0Cl    +1.0H2O   
470 6.3E-13    0.00   -850 .00 OH    +HCFC12+      =2.0Cl    +1.0H2O   
471 7.3E-12    0.00  -1280 .00 CH4   +Cl    +      =1.0HCl   +1.0MO2   
472 8.1E-11    0.00    -30 .00 CH2O  +Cl    +      =1.0CO    +1.0HCl   +1.0HO2   
473 2.3E-11    0.00   -200 .00 Cl    +O3    +      =1.0ClO   +1.0O2    
474 3.0E-11    0.00  -2270 .00 Cl    +H2    +      =1.0H     +1.0HCl   
475 1.1E-11    0.00   -980 .00 Cl    +H2O2  +      =1.0HO2   +1.0HCl   
476 1.4E-11    0.00    270 .00 Cl    +HO2   +      =1.0O2    +1.0HCl   
477 3.6E-11    0.00   -375 .00 Cl    +HO2   +      =1.0OH    +1.0ClO   
478 2.8E-11    0.00     85 .00 ClO   +O     +      =1.0Cl    +1.0O2    
479 2.6E-12    0.00    290 .00 ClO   +HO2   +      =1.0O2    +1.0HOCl  
480 6.4E-12    0.00    290 .00 ClO   +NO    +      =1.0Cl    +1.0NO2   
481 1.8E-31    3.40      0 .60 ClO   +NO2   +M     =1.0ClNO3 +1.0M     
482 1.5E-11    1.90      0 .00       +      +      
483 1.0E-12    0.00  -1590 .00 ClO   +ClO   +      =1.0Cl2   +1.0O2    
484 3.0E-11    0.00  -2450 .00 ClO   +ClO   +      =1.0Cl    +1.0ClOO  
485 3.5E-13    0.00  -1370 .00 ClO   +ClO   +      =1.0OClO  +1.0Cl    
486 2.2E-33    3.10      0 .60 Cl    +O2    +M     =1.0ClOO  +1.0M     
487 1.8E-10    0.00      0 .00       +      +      
488 3.3E-09    3.10  -2502 .60 ClOO  +      +M     =1.0Cl    +1.0O2    +1.0M     
489 2.7E+14    0.00  -2502 .00       +      +      
490 1.6E-32    4.50      0 .60 ClO   +ClO   +M     =1.0Cl2O2 +1.0M     
491 3.0E-12    2.00      0 .00       +      +      
492 9.3E-06    4.50  -8649 .60 Cl2O2 +      +M     =2.0ClO   +1.0M     
493 1.7E+15    2.00  -8649 .00       +      +      
494 2.3E-10    0.00      0 .00 ClOO  +Cl    +      =1.0Cl2   +1.0O2    
495 1.2E-11    0.00      0 .00 ClOO  +Cl    +      =2.0ClO   
496 9.5E-13    0.00    550 .00 ClO   +BrO   +      =1.0Br    +1.0OClO  
497 2.3E-12    0.00    260 .00 ClO   +BrO   +      =1.0Br    +1.0ClOO  
498 4.1E-13    0.00    290 .00 ClO   +BrO   +      =1.0BrCl  +1.0O2    
499 3.6E-12    0.00   -840 .00 ClNO3 +O     +      =1.0ClO   +1.0NO3   
500 6.5E-12    0.00    135 .00 ClNO3 +Cl    +      =1.0Cl2   +1.0NO3   
501 2.2E-11    0.00  -1130 .00 CH3Cl +Cl    +      =1.0CO    +2.0HCl   +1.0HO2   
502 0.0E+00    0.00      0 .00 HCl   +      +      =0.0      +1.0DRYHCl
503 1.1E+02    0.00      0 .00 N2O5  +HCl   +      =1.0ClNO2 +1.0HNO3  
504 9.7E+01    0.00      0 .00 ClNO3 +H2O   +      =1.0HOCl  +1.0HNO3  
505 9.7E+01    0.00      0 .00 ClNO3 +HCl   +      =1.0Cl2   +1.0HNO3  
506 9.7E+01    0.00      0 .00 ClNO3 +HBr   +      =1.0BrCl  +1.0HNO3  
507 1.4E+02    0.00      0 .00 BrNO3 +HCl   +      =1.0BrCl  +1.0HNO3  
508 5.2E+01    0.00      0 .00 HOCl  +HCl   +      =1.0Cl2   +1.0H2O   
509 5.2E+01    0.00      0 .00 HOCl  +HBr   +      =1.0BrCl  +1.0H2O   
510 9.7E+01    0.00      0 .00 HOBr  +HCl   +      =1.0BrCl  +1.0H2O   

===============================================================================
PHOTOPROCESS REACTIONS FOR URBAN CHEMISTRY
===============================================================================

NMBR   DEFP (S-1)                        REACTION
511 1.0E-01    0.00      0 .00 O3    +      +      =1.0O     +1.0O2    
512 2.0E-01    0.00      0 .00 O3    +      +      =1.0O1D   +1.0O2    
513 1.0E-01    0.00      0 .00 O2    +      +      =2.0O     
514 1.0E-01    0.00      0 .00 NO2   +      +      =1.0NO    +1.0O     
515 1.0E-01    0.00      0 .00 H2O2  +      +      =1.0OH    +1.0OH    
516 1.0E-01    0.00      0 .00 MP    +      +      =1.0CH2O  +1.0HO2   +1.0OH    
517 1.0E-01    0.00      0 .00 CH2O  +      +      =1.0HO2   +1.0H     +1.0CO    
518 2.0E-01    0.00      0 .00 CH2O  +      +      =1.0H2    +1.0CO    
519 1.0E-01    0.00      0 .00 HNO3  +      +      =1.0OH    +1.0NO2   
520 1.0E-01    0.00      0 .00 HNO2  +      +      =1.0OH    +1.0NO    
521 1.0E-01    0.00      0 .00 HNO4  +      +      =1.0OH    +1.0NO3   
522 2.0E-01    0.00      0 .00 HNO4  +      +      =1.0HO2   +1.0NO2   
523 1.0E-01    0.00      0 .00 NO3   +      +      =1.0NO2   +1.0O     
524 2.0E-01    0.00      0 .00 NO3   +      +      =1.0NO    +1.0O2    
525 1.0E-01    0.00      0 .00 N2O5  +      +      =1.0NO3   +1.0NO2   
526 1.0E-01    0.00      0 .00 ALD2  +      +      =0.9MO2   +1.0HO2   +0.9CO    +0.1MCO3  
527 2.0E-01    0.00      0 .00 ALD2  +      +      =1.0CH4   +1.0CO    
528 1.0E-01    0.00      0 .00 PAN   +      +      =0.7MCO3  +0.7NO2   +0.3MO2   +0.3NO3   
529 1.0E-01    0.00      0 .00 RCHO  +      +      =1.0ETO2  +1.0HO2   +1.0CO    
530 1.0E-01    0.00      0 .00 ACET  +      +      =1.0MCO3  +1.0MO2   
531 2.0E-01    0.00      0 .00 ACET  +      +      =2.0MO2   +1.0CO    
532 1.0E-01    0.00      0 .00 MEK   +      +      =0.8MCO3  +0.8ETO2  +0.1MO2   +0.1RCO3  
533 1.0E-01    0.00      0 .00 GLYC  +      +      =0.9CH2O  +1.7HO2   +1.0CO    +0.1OH    +0.1MOH   
534 1.0E-01    0.00      0 .00 GLYX  +      +      =2.0HO2   +2.0CO    
535 2.0E-01    0.00      0 .00 GLYX  +      +      =1.0H2    +2.0CO    
536 3.0E-01    0.00      0 .00 GLYX  +      +      =1.0CH2O  +1.0CO    
537 1.0E-01    0.00      0 .00 MGLY  +      +      =1.0MCO3  +1.0CO    +1.0HO2   
538 1.0E-01    0.00      0 .00 MVK   +      +      =1.0PRPE  +1.0CO    
539 2.0E-01    0.00      0 .00 MVK   +      +      =1.0MCO3  +1.0CH2O  +1.0CO    +1.0HO2   
540 3.0E-01    0.00      0 .00 MVK   +      +      =1.0MO2   +1.0RCO3  
541 1.0E-01    0.00      0 .00 MACR  +      +      =1.0CO    +1.0HO2   +1.0CH2O  +1.0MCO3  
542 1.0E-01    0.00      0 .00 HAC   +      +      =1.0MCO3  +1.0CH2O  +1.0HO2   
543 1.0E-01    0.00      0 .00 INPN  +      +      =1.0OH    +1.0HO2   +1.0RCHO  +1.0NO2   
544 1.0E-01    0.00      0 .00 PRPN  +      +      =1.0OH    +1.0HO2   +1.0RCHO  +1.0NO2   
545 1.0E-01    0.00      0 .00 ETP   +      +      =1.0OH    +1.0HO2   +1.0ALD2  
546 1.0E-01    0.00      0 .00 RA3P  +      +      =1.0OH    +1.0HO2   +1.0RCHO  
547 1.0E-01    0.00      0 .00 RB3P  +      +      =1.0OH    +1.0HO2   +1.0ACET  
548 1.0E-01    0.00      0 .00 R4P   +      +      =1.0OH    +1.0HO2   +1.0RCHO  
549 1.0E-01    0.00      0 .00 PP    +      +      =1.0OH    +1.0HO2   +1.0ALD2  +1.0CH2O  
550 1.0E-01    0.00      0 .00 RP    +      +      =1.0OH    +1.0HO2   +1.0ALD2  
551 1.0E-01    0.00      0 .00 RIP   +      +      =1.0OH    +1.0HO2   +0.7CH2O  +0.4MVK   +0.3MACR  +0.3HC5   
552 1.0E-01    0.00      0 .00 IAP   +      +      =1.0OH    +1.0HO2   +0.7CO    +0.2H2    +0.4HAC   +0.3GLYC  +0.6MGLY  
553 1.0E-01    0.00      0 .00 ISNP  +      +      =1.0OH    +1.0HO2   +1.0RCHO  +1.0NO2   
554 1.0E-01    0.00      0 .00 VRP   +      +      =1.0OH    +0.3HO2   +0.3CH2O  +0.7MCO3  +0.7GLYC  +0.3MGLY  
555 1.0E-01    0.00      0 .00 MRP   +      +      =1.0OH    +1.0HO2   +1.0HAC   +0.5CO    +0.5CH2O  
556 1.0E-01    0.00      0 .00 MAOP  +      +      =1.0OH    +1.0CH2O  +1.0MCO3  
557 1.0E-01    0.00      0 .00 R4N2  +      +      =1.0NO2   +0.3ACET  +0.2MEK   +0.2MO2   +0.3HO2   +0.3ALD2  +0.1RCHO  +0.1A3O2  +0.2B3O2  +0.3ETO2  
558 1.0E-01    0.00      0 .00 MAP   +      +      =1.0OH    +1.0MO2   
559 1.0E-01    0.00      0 .00 MACRN +      +      =1.0NO2   +1.0HAC   +1.0MGLY  +0.5CH2O  +1.0HO2   +0.5CO    
560 1.0E-01    0.00      0 .00 MVKN  +      +      =1.0GLYC  +1.0NO2   +1.0MCO3  
561 1.0E-01    0.00      0 .00 ISOPNB+      +      =1.0HC5   +1.0NO2   +1.0HO2   
562 1.0E-01    0.00      0 .00 Br2   +      +      =2.0Br    
563 1.0E-01    0.00      0 .00 BrO   +      +      =1.0Br    +1.0O     
564 1.0E-01    0.00      0 .00 HOBr  +      +      =1.0Br    +1.0OH    
565 1.0E-01    0.00      0 .00 BrNO3 +      +      =1.0Br    +1.0NO3   
566 2.0E-01    0.00      0 .00 BrNO3 +      +      =1.0BrO   +1.0NO2   
567 1.0E-01    0.00      0 .00 BrNO2 +      +      =1.0Br    +1.0NO2   
568 1.0E-01    0.00      0 .00 CHBr3 +      +      =3.0Br    
569 1.0E-01    0.00      0 .00 MPN   +      +      =1.0CH2O  +1.0NO3   +1.0HO2   
570 2.0E-01    0.00      0 .00 MPN   +      +      =1.0MO2   +1.0NO2   
571 1.0E-01    0.00      0 .00 ISOPND+      +      =1.0HC5   +1.0NO2   +1.0HO2   
572 1.0E-01    0.00      0 .00 PROPNN+      +      =1.0CH2O  +1.0NO2   +1.0CO    +1.0MO2   
573 1.0E-01    0.00      0 .00 ATOOH +      +      =1.0OH    +1.0CH2O  +1.0MCO3  
574 1.0E-01    0.00      0 .00 N2O   +      +      =1.0N2    +1.0O1D   
575 1.0E-01    0.00      0 .00 OCS   +      +      =1.0SO2   +1.0CO    
576 1.0E-01    0.00      0 .00 SO4g  +      +      =1.0SO2   +2.0OH    
577 1.0E-01    0.00      0 .00 NO    +      +      =1.0O     +1.0N     
578 1.0E-01    0.00      0 .00 CH3Br +      +      =1.0MO2   +1.0Br    
579 1.0E-01    0.00      0 .00 BrCl  +      +      =1.0Br    +1.0Cl    
580 1.0E-01    0.00      0 .00 Cl2   +      +      =2.0Cl    
581 1.0E-01    0.00      0 .00 ClO   +      +      =1.0Cl    +1.0O     
582 1.0E-01    0.00      0 .00 OClO  +      +      =1.0ClO   +1.0O     
583 1.0E-01    0.00      0 .00 Cl2O2 +      +      =1.0Cl    +1.0ClOO  
584 1.0E-01    0.00      0 .00 ClNO2 +      +      =1.0Cl    +1.0NO2   
585 1.0E-01    0.00      0 .00 ClNO3 +      +      =1.0Cl    +1.0NO3   
586 2.0E-01    0.00      0 .00 ClNO3 +      +      =1.0ClO   +1.0NO2   
587 1.0E-01    0.00      0 .00 HOCl  +      +      =1.0Cl    +1.0OH    
588 1.0E-01    0.00      0 .00 CH3Cl +      +      =1.0MO2   +1.0Cl    
589 1.0E-01    0.00      0 .00 CH3CCl+      +      =3.0Cl    
590 1.0E-01    0.00      0 .00 CCl4  +      +      =4.0Cl    
591 1.0E-01    0.00      0 .00 CFC11 +      +      =3.0Cl    
592 1.0E-01    0.00      0 .00 CFC12 +      +      =2.0Cl    
593 1.0E-01    0.00      0 .00 CFC113+      +      =3.0Cl    
594 1.0E-01    0.00      0 .00 CFC114+      +      =2.0Cl    
595 1.0E-01    0.00      0 .00 CFC115+      +      =1.0Cl    
596 1.0E-01    0.00      0 .00 HCFC12+      +      =2.0Cl    
597 1.0E-01    0.00      0 .00 HCFC14+      +      =2.0Cl    
598 1.0E-01    0.00      0 .00 HCFC14+      +      =2.0Cl    
599 1.0E-01    0.00      0 .00 HCFC22+      +      =2.0Cl    
600 1.0E-01    0.00      0 .00 H1301 +      +      =1.0Br    
601 1.0E-01    0.00      0 .00 H1211 +      +      =1.0Cl    +1.0Br    
602 1.0E-01    0.00      0 .00 H2402 +      +      =2.0Br    
603 1.0E-01    0.00      0 .00 CH2Br2+      +      =2.0Br    
604 1.0E-01    0.00      0 .00 ClOO  +      +      =1.0Cl    +1.0O2    
REPEAT REACTANTS:     1    7 OH             OH                           
REPEAT REACTANTS:     2   20 MO2            MO2                          
REPEAT REACTANTS:     3   23 MP             OH                           
REPEAT REACTANTS:     4   25 ATOOH          OH                           
REPEAT REACTANTS:     5   48 OH                                          
REPEAT REACTANTS:     6   61 C3H8           OH                           
REPEAT REACTANTS:     7   68 R4O2           NO                           
REPEAT REACTANTS:     8  113 ACET           OH                           
REPEAT REACTANTS:     9  154 ETO2           ETO2                         
REPEAT REACTANTS:    10  169 GLYC           OH                           
REPEAT REACTANTS:    11  179 HAC            OH                           
REPEAT REACTANTS:    12  189 MACR           NO3                          
REPEAT REACTANTS:    13  195 INPN           OH                           
REPEAT REACTANTS:    14  204 RIP            OH                           
REPEAT REACTANTS:    15  212 MRP            OH                           
REPEAT REACTANTS:    16  214 MAOP           OH                           
REPEAT REACTANTS:    17  216 MCO3           MAOPO2                       
REPEAT REACTANTS:    18  223 MAOPO2         NO                           
REPEAT REACTANTS:    19  230 MCO3           MO2                          
REPEAT REACTANTS:    20  256 MCO3           ETO2                         
REPEAT REACTANTS:    21  314 DMS            OH                           
REPEAT REACTANTS:    22  324 BrO            BrO                          
REPEAT REACTANTS:    23  356 HC5OO          NO                           
REPEAT REACTANTS:    24  364 ISOPNDO2       NO                           
REPEAT REACTANTS:    25  370 ISOPNBO2       NO                           
REPEAT REACTANTS:    26  386 DIBOO          NO                           
REPEAT REACTANTS:    27  393 MOBAOO         NO                           
REPEAT REACTANTS:    28  402 O1D                                         
REPEAT REACTANTS:    29  405 O1D            N2O                          
REPEAT REACTANTS:    30  407 O1D            CH4                          
REPEAT REACTANTS:    31  415 O1D            O3                           
REPEAT REACTANTS:    32  429 H              HO2                          
REPEAT REACTANTS:    33  458 OH             ClO                          
REPEAT REACTANTS:    34  477 Cl             HO2                          
REPEAT REACTANTS:    35  484 ClO            ClO                          
REPEAT REACTANTS:    36  495 ClOO           Cl                           
REPEAT REACTANTS:    37  497 ClO            BrO                          
REPEAT REACTANTS:    38  512 O3                                          
REPEAT REACTANTS:    39  518 CH2O                                        
REPEAT REACTANTS:    40  522 HNO4                                        
REPEAT REACTANTS:    41  524 NO3                                         
REPEAT REACTANTS:    42  527 ALD2                                        
REPEAT REACTANTS:    43  531 ACET                                        
REPEAT REACTANTS:    44  535 GLYX                                        
REPEAT REACTANTS:    45  539 MVK                                         
REPEAT REACTANTS:    46  566 BrNO3                                       
REPEAT REACTANTS:    47  570 MPN                                         
REPEAT REACTANTS:    48  586 ClNO3                                       
 
SPEC           NUMGT  NUMG  NUMLT NUML   NGT-NLT-NG+NL FRACGN NUMGFT
DRYACET            1     1     0     0          0      0.000    0
DRYCH2O            1     1     0     0          0      0.000    0
DRYH2O2            1     1     0     0          0      0.000    0
DRYHNO3            1     1     0     0          0      0.000    0
DRYN2O5            1     1     0     0          0      0.000    0
DRYNO2             1     1     0     0          0      0.000    0
DRYO3              1     1     0     0          0      0.000    0
DRYPAN             1     1     0     0          0      0.000    0
DRYPMN             1     1     0     0          0      0.000    0
DRYPMNN            1     1     0     0          0      0.000    0
DRYPPN             1     1     0     0          0      0.000    0
DRYR4N2            1     1     0     0          0      0.000    0
DRYMVK             1     1     0     0          0      0.000    0
DRYMACR            1     1     0     0          0      0.000    0
DRYHAC             1     1     0     0          0      0.000    0
DRYALD2            1     1     0     0          0      0.000    0
DRYHOBr            1     1     0     0          0      0.000    0
DRYHBr             1     1     0     0          0      0.000    0
DRYBrNO3           1     1     0     0          0      0.000    0
DRYBr2             1     1     0     0          0      0.000    0
DRYISOPND          1     1     0     0          0      0.000    0
DRYISOPNB          1     1     0     0          0      0.000    0
DRYRIP             1     1     0     0          0      0.000    0
DRYIEPOX           1     1     0     0          0      0.000    0
DRYMACRN           1     1     0     0          0      0.000    0
DRYMVKN            1     1     0     0          0      0.000    0
DRYPROPNN          1     1     0     0          0      0.000    0
DRYHCl             1     1     0     0          0      0.000    0
SO4g               0     0     1     1          0      0.000    0
SO4                1     1     0     0          0      0.000    0
MSA                0     0     0     0          0      0.250    1
LISOPOH            1     1     0     0          0      0.000    0
PYAC               0     0     0     0          0      0.350    1
CH3CCl3            0     0     2     2          0      0.000    0
CCl4               0     0     2     2          0      0.140    1
CFC11              0     0     2     2          0      0.120    1
CFC12              0     0     2     2          0      0.140    1
CFC113             0     0     2     2          0      0.250    1
CFC114             0     0     2     2          0      0.250    1
CFC115             0     0     2     2          0      0.700    1
H1301              0     0     2     2          0      0.590    1
H2402              0     0     2     2          0      0.250    1
H1211              0     0     2     2          0      0.360    1
N                  1     1     3     3          0      0.000    0
PAN                1     1     3     3          0      0.000    0
PPN                1     1     2     2          0      0.000    0
DMS                0     0     3     3          0      0.000    0
BrNO2              1     1     1     1          0      0.000    0
CHBr3              1     1     3     3          0      0.320    1
CH2Br2             1     1     3     3          0      0.050    1
CH3Br              0     0     3     3          0      0.000    0
C3H8               1     1     3     3          0      0.000    0
MPN                1     1     3     3          0      0.000    0
IEPOX              1     1     2     2          0      0.000    0
ALK4               1     1     2     2          0      0.000    0
PMNN               1     1     2     2          0      0.000    0
OCS                0     0     3     3          0      0.000    0
Cl2O2              1     1     3     3          0      0.000    0
CH3Cl              0     0     3     3          0      0.000    0
HCFC22             0     0     3     3          0      0.280    1
HCFC123            0     0     3     3          0      0.210    1
HCFC141b           0     0     3     3          0      0.310    1
HCFC142b           0     0     3     3          0      0.260    1
N2O                1     1     3     3          0      0.000    0
PP                 1     1     2     2          0      0.000    0
PRPN               1     1     2     2          0      0.000    0
RA3P               1     1     2     2          0      0.000    0
RB3P               1     1     2     2          0      0.000    0
RIP                0     0     4     4          0      0.880    1
VRP                0     0     2     2          0      0.100    1
ISOP               1     1     3     3          0      0.000    0
C2H6               1     1     3     3          0      0.000    0
MAOP               0     0     3     3          0      0.410    1
MAP                0     0     2     2          0      0.410    1
OClO               2     2     2     2          0      0.000    0
ClNO2              1     1     2     2          0      0.000    0
HNO2               1     1     2     2          0      0.500    1
HNO4               1     1     4     4          0      0.000    0
IAP                0     0     2     2          0      0.100    1
MP                 1     1     3     3          0      0.000    0
MRP                1     1     3     3          0      0.000    0
ETP                1     1     2     2          0      0.000    0
RP                 0     0     2     2          0      1.160    2
ISOPNB             0     0     4     4          0      0.047    1
DIBOO              0     0     3     3          0      0.213    2
MOBAOO             1     1     3     3          0      0.000    0
IEPOXOO            1     1     2     2          0      0.000    0
ATOOH              0     0     3     3          0      1.700    2
CH4                2     2     5     5          0      0.000    0
N2O5               1     1     5     5          0      0.000    0
ISNP               0     0     2     2          0      1.850    3
BrNO3              1     1     6     6          0      0.000    0
R4P                1     1     2     2          0      1.350    2
DHMOB              0     0     1     1          0      1.234    3
MOBA               0     0     2     2          0      0.340    2
ISOPNBO2           1     1     3     3          0      0.193    1
ISOPNDO2           1     1     3     3          0      0.193    1
ISNOOB             0     0     4     4          0      0.400    1
PMN                2     2     4     4          0      0.000    0
ISNOHOO            0     0     3     3          0      0.655    1
PRPE               2     2     3     3          0      0.128    1
INPN               3     3     3     3          0      0.000    0
MAN2               1     1     5     5          0      0.000    0
ISOPND             0     0     4     4          0      0.820    3
SO2                6     6     1     1          0      0.750    1
ETHLN              0     0     1     1          0      0.695    3
MAOPO2             1     1     8     8          0      0.000    0
MACRNO2            2     2     3     3          0      0.000    0
ClOO               6     6     4     4          0      0.000    0
H2O2               2     2     5     5          0      0.110    1
ISNOOA             0     0     4     4          0      0.945    2
Br2                3     3     3     3          0      2.000    4
HC5OO              1     1     6     6          0      0.346    1
VRO2               1     1     5     5          0      0.209    1
MVKN               0     0     3     3          0      0.940    4
KO2                2     2     5     5          0      0.000    0
PO2                1     1     5     5          0      0.209    1
MRO2               1     1     6     6          0      0.470    1
RIO2               1     1     8     8          0      0.387    1
ISN1               0     0     3     3          0      3.900    7
R4N1               1     1     5     5          0      0.612    1
MACRN              0     0     3     3          0      1.035    6
ATO2               4     4     5     5          0      0.000    0
HOBr               3     3     6     6          0      0.000    0
BrCl               5     5     1     1          0      0.000    0
Cl2                5     5     3     3          0      0.250    1
ClNO3              1     1     8     8          0      0.000    0
PRN1               1     1     5     5          0      0.209    1
INO2               1     1     8     8          0      0.360    1
ACET               5     5     6     6          0      2.661    7
R4O2               2     2     6     6          0      0.959    4
B3O2               1     1     5     5          0      0.839    5
A3O2               2     2     5     5          0      0.540    5
PROPNN             0     0     3     3          0      2.966    8
H                  6     6     5     5          0      0.390    2
MAO3               3     3     6     6          0      0.530    1
MACR               0     0     6     6          0      1.909   12
HOCl               7     7     4     4          0      0.000    0
HC5                2     2     2     2          0      3.001   11
MVK                0     0     6     6          0      2.593   12
HBr                6     6     8     8          0      0.200    1
RCO3               5     5     6     6          0      0.150    1
ROH                0     0     1     1          0      3.420   13
HCl                8     8     8     8          0      0.090    1
ETO2               7     7     9     9          0      2.770    7
GLYX               1     1     5     5          0      6.127   13
R4N2               5     5     3     3          0      4.574    9
GLYC               1     1     3     3          0      8.079   21
BrO                4     4    13    13          0      3.690    7
ALD2              16    16     6     6          0      7.420   16
MEK               11    11     3     3          0      3.658   13
O1D                2     2    30    30          0      0.000    0
RCHO              14    14     3     3          0      5.724   18
O3                 2     2    24    24          0      1.000    5
HAC               10    10     4     4          0     12.615   26
MGLY               4     4     3     3          0     10.868   29
HNO3              27    27     3     3          0      1.100    2
Br                33    33    10    10          0      4.600    6
ClO               10    10    19    19          0      8.490   13
Cl                55    55    12    12          0     11.690   11
H2O               38    38     4     4          0      0.000    0
NO3               14    14    29    29          0      1.065    5
O                 18    18    16    16          0      4.770   18
CO                40    40     1     1          0     13.083   27
MCO3              18    15    41    38          0      9.077   17
NO                 9     9    45    45          0      0.000    0
MO2               41    40    33    32          0      3.661   11
NO2               79    78    20    19          0     19.393   25
CH2O              40    40     8     8          0     32.416   72
HO2               86    86    46    46          0     31.048   58
OH                59    52   103    96          0     18.558   39
PMNO2              0     0     0     0          0      0.000    0
DRYACTA            1     1     0     0          0      0.000    0
DRYHCOOH           1     1     0     0          0      0.000    0
RCOOH              2     2     0     0          0      0.400    2
O2                47    46     6     5          0      0.000    0
NH3                0     0     0     0          0      0.000    0
NH2                0     0     0     0          0      0.000    0
N2                 4     3     1     0          0      0.000    0
MOH                1     1     1     1          0      4.376   18
MNO3               0     0     0     0          0      0.000    0
M                 16    16     0     0          0      0.000    0
HCOOH              1     1     2     2          0      3.267   14
H2                 4     4     3     3          0      0.480    3
EOH                1     1     1     1          0      0.250    1
EMISSION           0     0    18    18          0      0.000    0
ACTA              17    17     2     2          0      0.906    5
OVERALL          908   894   916   902          0      0.000  679

CHANGE IN MOLES DUE TO URBAN          CHEMISTRY

# KINETIC REACTIONS:   444 PHOTORATES:    94 TOTAL:   538

PARAM    POSS MATRIX POINTS -- NONZEROS -- NCSP=   1
INITMAT         29241             1693
FINMAT          29241             2168
DECOMP1       1652145             8141
DECOMP2         14535             1159
BACKSB1         14535             1159
BACKSB2         14535              838


PARAM    POSS MATRIX POINTS -- NONZEROS -- NCSP=   4
INITMAT         29241             1578
FINMAT          29241             2065
DECOMP1       1652145             7571
DECOMP2         14535             1066
BACKSB1         14535             1066
BACKSB2         14535              828


===============================================================================
SETEMDEP: Emission & deposition species
===============================================================================

Tracer #   1 (NO   ) has an emission rxn defined in "globchem.dat"
Tracer #   2 (O3   ) has an emission rxn defined in "globchem.dat"
Tracer #   4 (CO   ) has an emission rxn defined in "globchem.dat"
Tracer #   5 (ALK4 ) has an emission rxn defined in "globchem.dat"
Tracer #   6 (ISOP ) has an emission rxn defined in "globchem.dat"
Tracer #   7 (HNO3 ) has an emission rxn defined in "globchem.dat"
Tracer #   9 (ACET ) has an emission rxn defined in "globchem.dat"
Tracer #  10 (MEK  ) has an emission rxn defined in "globchem.dat"
Tracer #  11 (ALD2 ) has an emission rxn defined in "globchem.dat"
Tracer #  18 (PRPE ) has an emission rxn defined in "globchem.dat"
Tracer #  19 (C3H8 ) has an emission rxn defined in "globchem.dat"
Tracer #  20 (CH2O ) has an emission rxn defined in "globchem.dat"
Tracer #  21 (C2H6 ) has an emission rxn defined in "globchem.dat"
Tracer #  44 (Br2  ) has an emission rxn defined in "globchem.dat"
Tracer #  51 (CHBr ) has an emission rxn defined in "globchem.dat"
Tracer #  52 (CH2B ) has an emission rxn defined in "globchem.dat"
Tracer #  69 (CH4  ) has an emission rxn defined in "globchem.dat"
Drydep species #   1 (O3   ) has a drydep rxn defined in "globchem.dat"
Drydep species #   2 (PAN  ) has a drydep rxn defined in "globchem.dat"
Drydep species #   3 (HNO3 ) has a drydep rxn defined in "globchem.dat"
Drydep species #   4 (H2O2 ) has a drydep rxn defined in "globchem.dat"
Drydep species #   5 (ACET ) has a drydep rxn defined in "globchem.dat"
Drydep species #   6 (ALD2 ) has a drydep rxn defined in "globchem.dat"
Drydep species #   7 (MVK  ) has a drydep rxn defined in "globchem.dat"
Drydep species #   8 (MACR ) has a drydep rxn defined in "globchem.dat"
Drydep species #   9 (PMN  ) has a drydep rxn defined in "globchem.dat"
Drydep species #  10 (PPN  ) has a drydep rxn defined in "globchem.dat"
Drydep species #  11 (R4N2 ) has a drydep rxn defined in "globchem.dat"
Drydep species #  12 (CH2O ) has a drydep rxn defined in "globchem.dat"
Drydep species #  13 (N2O5 ) has a drydep rxn defined in "globchem.dat"
Drydep species #  32 (Br2  ) has a drydep rxn defined in "globchem.dat"
Drydep species #  33 (HOBr ) has a drydep rxn defined in "globchem.dat"
Drydep species #  34 (HBr  ) has a drydep rxn defined in "globchem.dat"
Drydep species #  35 (BrNO3) has a drydep rxn defined in "globchem.dat"
Drydep species #  36 (ISOPN) has a drydep rxn defined in "globchem.dat"
Drydep species #  37 (ISOPN) has a drydep rxn defined in "globchem.dat"
Drydep species #  38 (PROPN) has a drydep rxn defined in "globchem.dat"
Drydep species #  39 (HAC  ) has a drydep rxn defined in "globchem.dat"
Drydep species #  41 (MACRN) has a drydep rxn defined in "globchem.dat"
Drydep species #  42 (MVKN ) has a drydep rxn defined in "globchem.dat"
Drydep species #  43 (RIP  ) has a drydep rxn defined in "globchem.dat"
Drydep species #  44 (IEPOX) has a drydep rxn defined in "globchem.dat"
Drydep species #  46 (NO2  ) has a drydep rxn defined in "globchem.dat"
Drydep species #  47 (HCl  ) has a drydep rxn defined in "globchem.dat"
